<?xml version="1.0" encoding="UTF-8"?>
<testsuite xmlns:xsi="http://www.w3.org/2001/XMLSchema-instance" xsi:noNamespaceSchemaLocation="https://maven.apache.org/surefire/maven-surefire-plugin/xsd/surefire-test-report-3.0.xsd" version="3.0" name="com.example.codingexercise.PackageControllerTests" time="2.99" tests="3" errors="0" skipped="0" failures="0">
  <properties>
[...]
</properties>
  <testcase name="getPackage" classname="com.example.codingexercise.PackageControllerTests" time="0.979">
    <system-out><![CDATA[18:34:28.588 [main] INFO org.springframework.test.context.support.AnnotationConfigContextLoaderUtils -- Could not detect default configuration classes for test class [com.example.codingexercise.PackageControllerTests]: PackageControllerTests does not declare any static, non-private, non-final, nested classes annotated with @Configuration.
18:34:28.675 [main] INFO org.springframework.boot.test.context.SpringBootTestContextBootstrapper -- Found @SpringBootConfiguration com.example.codingexercise.CodingExerciseApplication for test class com.example.codingexercise.PackageControllerTests

  .   ____          _            __ _ _
 /\\ / ___'_ __ _ _(_)_ __  __ _ \ \ \ \
( ( )\___ | '_ | '_| | '_ \/ _` | \ \ \ \
 \\/  ___)| |_)| | | | | || (_| |  ) ) ) )
  '  |____| .__|_| |_|_| |_\__, | / / / /
 =========|_|==============|___/=/_/_/_/
 :: Spring Boot ::                (v3.1.0)

2026-02-23T18:34:29.020Z  INFO 20500 --- [           main] c.e.c.PackageControllerTests             : Starting PackageControllerTests using Java 17.0.7 with PID 20500 (started by guych in C:\Users\guych\Documents\Jagex\exc)
2026-02-23T18:34:29.022Z  INFO 20500 --- [           main] c.e.c.PackageControllerTests             : No active profile set, falling back to 1 default profile: "default"
2026-02-23T18:34:29.918Z  INFO 20500 --- [           main] o.s.b.w.embedded.tomcat.TomcatWebServer  : Tomcat initialized with port(s): 0 (http)
2026-02-23T18:34:29.929Z  INFO 20500 --- [           main] o.apache.catalina.core.StandardService   : Starting service [Tomcat]
2026-02-23T18:34:29.929Z  INFO 20500 --- [           main] o.apache.catalina.core.StandardEngine    : Starting Servlet engine: [Apache Tomcat/10.1.8]
2026-02-23T18:34:30.027Z  INFO 20500 --- [           main] o.a.c.c.C.[Tomcat].[localhost].[/]       : Initializing Spring embedded WebApplicationContext
2026-02-23T18:34:30.028Z  INFO 20500 --- [           main] w.s.c.ServletWebServerApplicationContext : Root WebApplicationContext: initialization completed in 983 ms
2026-02-23T18:34:30.419Z  INFO 20500 --- [           main] o.s.b.w.embedded.tomcat.TomcatWebServer  : Tomcat started on port(s): 62649 (http) with context path ''
2026-02-23T18:34:30.427Z  INFO 20500 --- [           main] c.e.c.PackageControllerTests             : Started PackageControllerTests in 1.637 seconds (process running for 2.357)
2026-02-23T18:34:31.320Z  INFO 20500 --- [o-auto-1-exec-1] o.a.c.c.C.[Tomcat].[localhost].[/]       : Initializing Spring DispatcherServlet 'dispatcherServlet'
2026-02-23T18:34:31.320Z  INFO 20500 --- [o-auto-1-exec-1] o.s.web.servlet.DispatcherServlet        : Initializing Servlet 'dispatcherServlet'
2026-02-23T18:34:31.322Z  INFO 20500 --- [o-auto-1-exec-1] o.s.web.servlet.DispatcherServlet        : Completed initialization in 2 ms
]]></system-out>
  </testcase>
  <testcase name="createPackage" classname="com.example.codingexercise.PackageControllerTests" time="0.012"/>
  <testcase name="listPackages" classname="com.example.codingexercise.PackageControllerTests" time="0.013"/>
</testsuite>