<?xml version="1.0" encoding="UTF-8"?>
<testsuite xmlns:xsi="http://www.w3.org/2001/XMLSchema-instance" xsi:noNamespaceSchemaLocation="https://maven.apache.org/surefire/maven-surefire-plugin/xsd/surefire-test-report-3.0.xsd" version="3.0" name="com.example.codingexercise.CurrencyRateServiceTests" time="0.559" tests="16" errors="0" skipped="0" failures="0">
  <properties>
[...]
</properties>
  <testcase name="priceToUsd_smallPrice" classname="com.example.codingexercise.CurrencyRateServiceTests" time="0.002">
    <system-out><![CDATA[2026-03-01T14:13:59.479Z  INFO 44508 --- [           main] t.c.s.AnnotationConfigContextLoaderUtils : Could not detect default configuration classes for test class [com.example.codingexercise.CurrencyRateServiceTests]: CurrencyRateServiceTests does not declare any static, non-private, non-final, nested classes annotated with @Configuration.
2026-03-01T14:13:59.481Z  INFO 44508 --- [           main] .b.t.c.SpringBootTestContextBootstrapper : Found @SpringBootConfiguration com.example.codingexercise.CodingExerciseApplication for test class com.example.codingexercise.CurrencyRateServiceTests

  .   ____          _            __ _ _
 /\\ / ___'_ __ _ _(_)_ __  __ _ \ \ \ \
( ( )\___ | '_ | '_| | '_ \/ _` | \ \ \ \
 \\/  ___)| |_)| | | | | || (_| |  ) ) ) )
  '  |____| .__|_| |_|_| |_\__, | / / / /
 =========|_|==============|___/=/_/_/_/
 :: Spring Boot ::                (v3.1.0)

2026-03-01T14:13:59.511Z  INFO 44508 --- [           main] c.e.c.CurrencyRateServiceTests           : Starting CurrencyRateServiceTests using Java 17.0.7 with PID 44508 (started by guych in C:\Users\guych\Documents\Jagex\exc-api)
2026-03-01T14:13:59.512Z  INFO 44508 --- [           main] c.e.c.CurrencyRateServiceTests           : No active profile set, falling back to 1 default profile: "default"
2026-03-01T14:13:59.604Z  INFO 44508 --- [           main] .s.d.r.c.RepositoryConfigurationDelegate : Bootstrapping Spring Data MongoDB repositories in DEFAULT mode.
2026-03-01T14:13:59.611Z  INFO 44508 --- [           main] .s.d.r.c.RepositoryConfigurationDelegate : Finished Spring Data repository scanning in 6 ms. Found 3 MongoDB repository interfaces.
2026-03-01T14:13:59.635Z  INFO 44508 --- [           main] org.mongodb.driver.client                : MongoClient with metadata {"driver": {"name": "mongo-java-driver|sync|spring-boot", "version": "4.9.1"}, "os": {"type": "Windows", "name": "Windows 11", "architecture": "amd64", "version": "10.0"}, "platform": "Java/Eclipse Adoptium/17.0.7+7"} created with settings MongoClientSettings{readPreference=primary, writeConcern=WriteConcern{w=null, wTimeout=null ms, journal=null}, retryWrites=true, retryReads=true, readConcern=ReadConcern{level=null}, credential=null, streamFactoryFactory=null, commandListeners=[], codecRegistry=ProvidersCodecRegistry{codecProviders=[ValueCodecProvider{}, BsonValueCodecProvider{}, DBRefCodecProvider{}, DBObjectCodecProvider{}, DocumentCodecProvider{}, CollectionCodecProvider{}, IterableCodecProvider{}, MapCodecProvider{}, GeoJsonCodecProvider{}, GridFSFileCodecProvider{}, Jsr310CodecProvider{}, JsonObjectCodecProvider{}, BsonCodecProvider{}, EnumCodecProvider{}, com.mongodb.client.model.mql.ExpressionCodecProvider@22d8f4ed, com.mongodb.Jep395RecordCodecProvider@3434a4f0]}, loggerSettings=LoggerSettings{maxDocumentLength=1000}, clusterSettings={hosts=[localhost:27017], srvServiceName=mongodb, mode=SINGLE, requiredClusterType=UNKNOWN, requiredReplicaSetName='null', serverSelector='null', clusterListeners='[]', serverSelectionTimeout='30000 ms', localThreshold='30000 ms'}, socketSettings=SocketSettings{connectTimeoutMS=10000, readTimeoutMS=0, receiveBufferSize=0, sendBufferSize=0}, heartbeatSocketSettings=SocketSettings{connectTimeoutMS=10000, readTimeoutMS=10000, receiveBufferSize=0, sendBufferSize=0}, connectionPoolSettings=ConnectionPoolSettings{maxSize=100, minSize=0, maxWaitTimeMS=120000, maxConnectionLifeTimeMS=0, maxConnectionIdleTimeMS=0, maintenanceInitialDelayMS=0, maintenanceFrequencyMS=60000, connectionPoolListeners=[], maxConnecting=2}, serverSettings=ServerSettings{heartbeatFrequencyMS=10000, minHeartbeatFrequencyMS=500, serverListeners='[]', serverMonitorListeners='[]'}, sslSettings=SslSettings{enabled=false, invalidHostNameAllowed=false, context=null}, applicationName='null', compressorList=[], uuidRepresentation=JAVA_LEGACY, serverApi=null, autoEncryptionSettings=null, contextProvider=null}
2026-03-01T14:13:59.637Z  INFO 44508 --- [localhost:27017] org.mongodb.driver.cluster               : Monitor thread successfully connected to server with description ServerDescription{address=localhost:27017, type=STANDALONE, state=CONNECTED, ok=true, minWireVersion=0, maxWireVersion=25, maxDocumentSize=16777216, logicalSessionTimeoutMinutes=30, roundTripTimeNanos=1225200}
2026-03-01T14:13:59.716Z  INFO 44508 --- [           main] c.e.c.CurrencyRateServiceTests           : Started CurrencyRateServiceTests in 0.228 seconds (process running for 4.047)
]]></system-out>
  </testcase>
  <testcase name="currencyForLocale_blankReturnsUSD" classname="com.example.codingexercise.CurrencyRateServiceTests" time="0.002"/>
  <testcase name="priceToUsd_zeroPrice" classname="com.example.codingexercise.CurrencyRateServiceTests" time="0.002"/>
  <testcase name="priceToUsd_fromUSD_wholeDollar" classname="com.example.codingexercise.CurrencyRateServiceTests" time="0.002"/>
  <testcase name="getUsdToCurrencyRate_USDReturnsOne" classname="com.example.codingexercise.CurrencyRateServiceTests" time="0.001"/>
  <testcase name="currencyForLocale_unknownLocaleReturnsUSD" classname="com.example.codingexercise.CurrencyRateServiceTests" time="0.002"/>
  <testcase name="getUsdToCurrencyRate_GBPReturnsPositive" classname="com.example.codingexercise.CurrencyRateServiceTests" time="0.23"/>
  <testcase name="currencyForLocale_enGB" classname="com.example.codingexercise.CurrencyRateServiceTests" time="0.001"/>
  <testcase name="currencyForLocale_enUS" classname="com.example.codingexercise.CurrencyRateServiceTests" time="0.001"/>
  <testcase name="currencyForLocale_frFR" classname="com.example.codingexercise.CurrencyRateServiceTests" time="0.001"/>
  <testcase name="currencyForLocale_jaJP" classname="com.example.codingexercise.CurrencyRateServiceTests" time="0.001"/>
  <testcase name="getUsdToCurrencyRate_EURReturnsPositive" classname="com.example.codingexercise.CurrencyRateServiceTests" time="0.015"/>
  <testcase name="currencyForLocale_nullReturnsUSD" classname="com.example.codingexercise.CurrencyRateServiceTests" time="0.001"/>
  <testcase name="priceToUsd_fromOtherCurrency" classname="com.example.codingexercise.CurrencyRateServiceTests" time="0.014"/>
  <testcase name="getUsdToCurrencyRate_JPYReturnsHigherValue" classname="com.example.codingexercise.CurrencyRateServiceTests" time="0.015"/>
  <testcase name="priceToUsd_fromUSD" classname="com.example.codingexercise.CurrencyRateServiceTests" time="0.001"/>
</testsuite>